src/images/positiva/armas_302.jpg 1 836 213 160 207
src/images/positiva/armas_2249.jpg 1 4 0 152 118
src/images/positiva/armas_398.jpg 1 399 305 171 235
src/images/positiva/armas_2894.jpg 1 63 112 107 172
src/images/positiva/armas_1814.jpg 2 166 30 24 16 110 76 28 18
src/images/positiva/armas_2256.jpg 1 0 1 158 115
src/images/positiva/armas_2307.jpg 1 1 0 152 116
src/images/positiva/armas_1741.jpg 1 23 47 427 288
src/images/positiva/armas_2386.jpg 1 2 0 152 115
src/images/positiva/armas_1272.jpg 1 243 133 35 22
src/images/positiva/armas_1042.jpg 1 34 61 60 96
src/images/positiva/armas_1779.jpg 1 616 150 1303 1032
src/images/positiva/armas_429.jpg 1 119 188 61 46
src/images/positiva/armas_1466.jpg 1 54 24 419 258
src/images/positiva/armas_141.jpg 1 177 126 89 77
src/images/positiva/armas_2775.jpg 1 1 0 156 118
src/images/positiva/armas_1164.jpg 1 217 334 351 355
src/images/positiva/armas_749.jpg 2 348 340 698 320 504 15 786 448
src/images/positiva/armas_2841.jpg 1 90 5 417 184
src/images/positiva/armas_1758.jpg 1 3 7 161 110
src/images/positiva/armas_1410.jpg 1 67 13 408 353
src/images/positiva/armas_2059.jpg 1 30 6 358 222
src/images/positiva/armas_1580.jpg 1 24 57 407 240
src/images/positiva/armas_1761.jpg 1 124 261 229 186
src/images/positiva/armas_1899.jpg 1 184 177 58 81
src/images/positiva/armas_1320.jpg 1 21 29 904 915
src/images/positiva/armas_1136.jpg 1 385 140 156 72
src/images/positiva/armas_1275.jpg 1 16 8 458 328
src/images/positiva/armas_2093.jpg 1 15 160 107 189
src/images/positiva/armas_2482.jpg 1 15 1 125 113
src/images/positiva/armas_1574.jpg 2 19 56 231 297 257 17 228 335
src/images/positiva/armas_637.jpg 1 79 52 68 149
src/images/positiva/armas_1771.jpg 1 0 8 294 356
src/images/positiva/armas_2804.jpg 1 7 24 375 151
src/images/positiva/armas_934.jpg 1 36 69 135 76
src/images/positiva/armas_1134.jpg 1 199 47 268 265
src/images/positiva/armas_1116.jpg 1 70 172 193 191
src/images/positiva/armas_1861.jpg 1 233 625 442 369
src/images/positiva/armas_2448.jpg 1 3 3 154 110
src/images/positiva/armas_2656.jpg 1 1 1 154 117
src/images/positiva/armas_1821.jpg 1 0 214 831 598
src/images/positiva/armas_2335.jpg 1 5 0 150 117
src/images/positiva/armas_2590.jpg 1 2 1 155 114
src/images/positiva/armas_1594.jpg 2 248 66 150 129 131 62 198 128
src/images/positiva/armas_1914.jpg 1 49 84 705 612
src/images/positiva/armas_838.jpg 1 65 40 135 95
src/images/positiva/armas_627.jpg 1 343 273 186 221
src/images/positiva/armas_1588.jpg 1 0 9 498 248
src/images/positiva/armas_1987.jpg 1 87 59 682 592
src/images/positiva/armas_2675.jpg 1 2 0 156 116
src/images/positiva/armas_1769.jpg 1 1 0 398 228
src/images/positiva/armas_604.jpg 1 126 47 118 266
src/images/positiva/armas_2345.jpg 1 0 0 159 120
src/images/positiva/armas_2685.jpg 1 0 2 157 115
src/images/positiva/armas_1368.jpg 1 335 71 106 95
src/images/positiva/armas_2524.jpg 1 5 3 146 111
src/images/positiva/armas_78.jpg 1 41 117 113 150
src/images/positiva/armas_2623.jpg 1 0 0 157 114
src/images/positiva/armas_525.jpg 1 90 38 161 114
src/images/positiva/armas_2218.jpg 1 1 0 157 118
src/images/positiva/armas_2221.jpg 1 2 1 153 117
src/images/positiva/armas_2452.jpg 1 9 4 141 110
src/images/positiva/armas_1881.jpg 1 240 0 869 709
src/images/positiva/armas_1648.jpg 1 37 78 435 295
src/images/positiva/armas_147.jpg 1 29 96 72 110
src/images/positiva/armas_1943.jpg 1 184 89 682 1104
src/images/positiva/armas_1545.jpg 1 125 57 277 226
src/images/positiva/armas_514.jpg 1 126 0 71 145
src/images/positiva/armas_60.jpg 1 0 39 268 195
src/images/positiva/armas_1704.jpg 1 124 174 28 19
src/images/positiva/armas_2293.jpg 1 2 1 154 115
src/images/positiva/armas_1214.jpg 1 234 0 265 254
src/images/positiva/armas_2040.jpg 1 0 5 1298 856
src/images/positiva/armas_2995.jpg 1 109 37 97 122
src/images/positiva/armas_669.jpg 1 114 195 168 97
src/images/positiva/armas_112.jpg 1 378 110 677 584
src/images/positiva/armas_579.jpg 1 9 3 245 161
src/images/positiva/armas_2820.jpg 1 150 284 49 98
src/images/positiva/armas_1659.jpg 1 251 72 81 121
src/images/positiva/armas_2031.jpg 1 88 156 43 38
src/images/positiva/armas_2007.jpg 1 0 40 799 390
src/images/positiva/armas_23.jpg 1 307 52 790 369
src/images/positiva/armas_1336.jpg 1 99 55 924 614
src/images/positiva/armas_76.jpg 1 143 6 430 229
src/images/positiva/armas_871.jpg 1 66 52 147 105
src/images/positiva/armas_2362.jpg 1 1 0 157 118
src/images/positiva/armas_973.jpg 1 130 52 112 129
src/images/positiva/armas_2197.jpg 1 2 0 150 115
src/images/positiva/armas_2419.jpg 1 9 3 144 109
src/images/positiva/armas_2306.jpg 1 2 0 153 117
src/images/positiva/armas_1723.jpg 1 13 90 710 901
src/images/positiva/armas_744.jpg 1 313 121 635 638
src/images/positiva/armas_177.jpg 1 187 83 75 169
src/images/positiva/armas_1928.jpg 1 55 31 216 177
src/images/positiva/armas_2268.jpg 1 1 1 154 118
src/images/positiva/armas_2226.jpg 1 12 14 139 98
src/images/positiva/knife_507.jpg 1 256 211 408 176
src/images/positiva/armas_427.jpg 3 406 56 120 148 30 60 94 155 794 37 81 161
src/images/positiva/armas_2158.jpg 2 172 306 107 185 64 107 106 96
src/images/positiva/armas_2614.jpg 1 4 2 153 109
src/images/positiva/armas_1208.jpg 2 19 0 382 318 137 161 411 244
src/images/positiva/armas_355.jpg 1 0 0 396 255
src/images/positiva/armas_2425.jpg 1 3 0 145 116
src/images/positiva/armas_731.jpg 2 709 242 524 717 68 286 532 669
src/images/positiva/armas_1950.jpg 1 562 269 161 104
src/images/positiva/armas_1767.jpg 1 34 7 425 338
src/images/positiva/armas_1192.jpg 1 56 69 63 81
src/images/positiva/armas_1484.jpg 1 1 1 498 262
src/images/positiva/armas_2055.jpg 1 5 5 716 414
src/images/positiva/armas_1698.jpg 1 9 55 480 291
src/images/positiva/armas_2719.jpg 1 1 0 156 115
src/images/positiva/armas_1144.jpg 3 280 2 269 297 187 159 53 69 186 159 78 70
src/images/positiva/armas_2947.jpg 1 225 67 45 32
src/images/positiva/armas_2581.jpg 1 0 1 158 110
src/images/positiva/armas_1132.jpg 1 209 9 640 414
src/images/positiva/armas_2522.jpg 1 3 1 153 117
src/images/positiva/armas_1907.jpg 1 157 623 408 442
src/images/positiva/knife_268.jpg 1 37 3 238 233
src/images/positiva/knife_252.jpg 1 78 328 695 241
src/images/positiva/armas_1475.jpg 1 34 112 323 223
src/images/positiva/armas_2653.jpg 1 1 1 151 117
src/images/positiva/armas_1864.jpg 1 41 54 1088 722
src/images/positiva/knife_388.jpg 1 154 10 913 849
src/images/positiva/armas_2194.jpg 1 5 0 152 118
src/images/positiva/armas_1724.jpg 1 19 56 54 142
src/images/positiva/armas_2724.jpg 1 3 1 150 115
src/images/positiva/armas_2215.jpg 1 1 0 156 115
src/images/positiva/armas_2536.jpg 1 3 3 153 110
src/images/positiva/armas_329.jpg 1 3 195 193 174
src/images/positiva/armas_753.jpg 1 0 1 296 147
